<?xml version="1.0" encoding="UTF-8"?>
<testsuite name="com.example.demo.FirstProjectApplicationTests" tests="1" skipped="0" failures="0" errors="0" timestamp="2026-02-28T18:40:00.709Z" hostname="SNLapTop.local" time="0.366">
  <properties/>
  <testcase name="contextLoads()" classname="com.example.demo.FirstProjectApplicationTests" time="0.366"/>
  <system-out><![CDATA[23:40:00.008 [Test worker] INFO org.springframework.test.context.support.AnnotationConfigContextLoaderUtils -- Could not detect default configuration classes for test class [com.example.demo.FirstProjectApplicationTests]: FirstProjectApplicationTests does not declare any static, non-private, non-final, nested classes annotated with @Configuration.
23:40:00.058 [Test worker] INFO org.springframework.boot.test.context.SpringBootTestContextBootstrapper -- Found @SpringBootConfiguration com.example.demo.FirstProjectApplication for test class com.example.demo.FirstProjectApplicationTests

  .   ____          _            __ _ _
 /\\ / ___'_ __ _ _(_)_ __  __ _ \ \ \ \
( ( )\___ | '_ | '_| | '_ \/ _` | \ \ \ \
 \\/  ___)| |_)| | | | | || (_| |  ) ) ) )
  '  |____| .__|_| |_|_| |_\__, | / / / /
 =========|_|==============|___/=/_/_/_/

 :: Spring Boot ::               (v3.5.11)

2026-02-28T23:40:00.246+05:00  INFO 49735 --- [first-project] [    Test worker] c.e.demo.FirstProjectApplicationTests    : Starting FirstProjectApplicationTests using Java 21.0.6 with PID 49735 (started by stanislavmamaev in /Users/stanislavmamaev/Documents/Development/SpringBoot_Education/first-project)
2026-02-28T23:40:00.247+05:00  INFO 49735 --- [first-project] [    Test worker] c.e.demo.FirstProjectApplicationTests    : No active profile set, falling back to 1 default profile: "default"
2026-02-28T23:40:00.702+05:00  INFO 49735 --- [first-project] [    Test worker] c.e.demo.FirstProjectApplicationTests    : Started FirstProjectApplicationTests in 0.58 seconds (process running for 1.1)
]]></system-out>
  <system-err><![CDATA[Mockito is currently self-attaching to enable the inline-mock-maker. This will no longer work in future releases of the JDK. Please add Mockito as an agent to your build as described in Mockito's documentation: https://javadoc.io/doc/org.mockito/mockito-core/latest/org.mockito/org/mockito/Mockito.html#0.3
WARNING: A Java agent has been loaded dynamically (/Users/stanislavmamaev/.gradle/caches/modules-2/files-2.1/net.bytebuddy/byte-buddy-agent/1.17.8/f09415827a71be7ed621c7bd02550678f28bc81c/byte-buddy-agent-1.17.8.jar)
WARNING: If a serviceability tool is in use, please run with -XX:+EnableDynamicAgentLoading to hide this warning
WARNING: If a serviceability tool is not in use, please run with -Djdk.instrument.traceUsage for more information
WARNING: Dynamic loading of agents will be disallowed by default in a future release
]]></system-err>
</testsuite>
